[ 2015-02-27T16:07:37+08:00 ] ::1 /Proj_05_grwz/bcms/index.php?m=home&c=in&a=index
ERR: 无法加载控制器:In

[ 2015-02-27T16:15:47+08:00 ] ::1 /Proj_05_grwz/bcms/index.php/Home/Index/index
ERR: 模板不存在:D:/WampServer/www/Proj_05_grwz/bcms/Home/View/Index/index.html

[ 2015-02-27T16:18:00+08:00 ] ::1 /Proj_05_grwz/bcms/index.php/Home/Index/jquery-1.9.1.js
ERR: 非法操作:jquery-1.9.1.js

[ 2015-02-27T16:18:00+08:00 ] ::1 /Proj_05_grwz/bcms/index.php/Home/Index/bootstrap.js
ERR: 非法操作:bootstrap.js

[ 2015-02-27T16:18:00+08:00 ] ::1 /Proj_05_grwz/bcms/index.php/Home/Index/style.css
ERR: 非法操作:style.css

[ 2015-02-27T16:18:00+08:00 ] ::1 /Proj_05_grwz/bcms/index.php/Home/Index/bootstrap-responsive.css
ERR: 非法操作:bootstrap-responsive.css

[ 2015-02-27T16:18:00+08:00 ] ::1 /Proj_05_grwz/bcms/index.php/Home/Index/bootstrap.css
ERR: 非法操作:bootstrap.css

[ 2015-02-27T16:18:16+08:00 ] ::1 /Proj_05_grwz/bcms/index.php/Home/Index/jquery-1.9.1.js
ERR: 非法操作:jquery-1.9.1.js

[ 2015-02-27T16:18:16+08:00 ] ::1 /Proj_05_grwz/bcms/index.php/Home/Index/bootstrap-responsive.css
ERR: 非法操作:bootstrap-responsive.css

[ 2015-02-27T16:18:16+08:00 ] ::1 /Proj_05_grwz/bcms/index.php/Home/Index/style.css
ERR: 非法操作:style.css

[ 2015-02-27T16:18:16+08:00 ] ::1 /Proj_05_grwz/bcms/index.php/Home/Index/bootstrap.js
ERR: 非法操作:bootstrap.js

[ 2015-02-27T16:18:16+08:00 ] ::1 /Proj_05_grwz/bcms/index.php/Home/Index/bootstrap.css
ERR: 非法操作:bootstrap.css

[ 2015-02-27T16:18:16+08:00 ] ::1 /Proj_05_grwz/bcms/index.php/Home/Index/bootstrap.css
ERR: 非法操作:bootstrap.css

[ 2015-02-27T16:18:16+08:00 ] ::1 /Proj_05_grwz/bcms/index.php/Home/Index/style.css
ERR: 非法操作:style.css

[ 2015-02-27T16:18:16+08:00 ] ::1 /Proj_05_grwz/bcms/index.php/Home/Index/bootstrap-responsive.css
ERR: 非法操作:bootstrap-responsive.css

[ 2015-02-27T16:20:22+08:00 ] ::1 /Proj_05_grwz/bcms/index.php/Home/Index/JS_URLjquery-1.9.1.js
ERR: 非法操作:js_urljquery-1.9.1.js

[ 2015-02-27T16:20:22+08:00 ] ::1 /Proj_05_grwz/bcms/index.php/Home/Index/bootstrap.css
ERR: 非法操作:bootstrap.css

[ 2015-02-27T16:20:22+08:00 ] ::1 /Proj_05_grwz/bcms/index.php/Home/Index/bootstrap-responsive.css
ERR: 非法操作:bootstrap-responsive.css

[ 2015-02-27T16:20:22+08:00 ] ::1 /Proj_05_grwz/bcms/index.php/Home/Index/bootstrap.js
ERR: 非法操作:bootstrap.js

[ 2015-02-27T16:20:22+08:00 ] ::1 /Proj_05_grwz/bcms/index.php/Home/Index/style.css
ERR: 非法操作:style.css

[ 2015-02-27T16:20:22+08:00 ] ::1 /Proj_05_grwz/bcms/index.php/Home/Index/bootstrap.css
ERR: 非法操作:bootstrap.css

[ 2015-02-27T16:20:22+08:00 ] ::1 /Proj_05_grwz/bcms/index.php/Home/Index/bootstrap-responsive.css
ERR: 非法操作:bootstrap-responsive.css

[ 2015-02-27T16:20:22+08:00 ] ::1 /Proj_05_grwz/bcms/index.php/Home/Index/style.css
ERR: 非法操作:style.css

[ 2015-02-27T16:21:32+08:00 ] ::1 /Proj_05_grwz/bcms/index.php/Home/Index/JS_URLjquery-1.9.1.js
ERR: 非法操作:js_urljquery-1.9.1.js

[ 2015-02-27T16:21:32+08:00 ] ::1 /Proj_05_grwz/bcms/index.php/Home/Index/bootstrap-responsive.css
ERR: 非法操作:bootstrap-responsive.css

[ 2015-02-27T16:21:32+08:00 ] ::1 /Proj_05_grwz/bcms/index.php/Home/Index/style.css
ERR: 非法操作:style.css

[ 2015-02-27T16:21:32+08:00 ] ::1 /Proj_05_grwz/bcms/index.php/Home/Index/bootstrap.css
ERR: 非法操作:bootstrap.css

[ 2015-02-27T16:21:32+08:00 ] ::1 /Proj_05_grwz/bcms/index.php/Home/Index/bootstrap.js
ERR: 非法操作:bootstrap.js

[ 2015-02-27T16:21:33+08:00 ] ::1 /Proj_05_grwz/bcms/index.php/Home/Index/bootstrap-responsive.css
ERR: 非法操作:bootstrap-responsive.css

[ 2015-02-27T16:21:33+08:00 ] ::1 /Proj_05_grwz/bcms/index.php/Home/Index/bootstrap.css
ERR: 非法操作:bootstrap.css

[ 2015-02-27T16:21:33+08:00 ] ::1 /Proj_05_grwz/bcms/index.php/Home/Index/style.css
ERR: 非法操作:style.css

[ 2015-02-27T16:27:40+08:00 ] ::1 /Proj_05_grwz/bcms/index.php/Home/Index/bootstrap.js
ERR: 非法操作:bootstrap.js

[ 2015-02-27T16:27:40+08:00 ] ::1 /Proj_05_grwz/bcms/index.php/Home/Index/JS_URLjquery-1.9.1.js
ERR: 非法操作:js_urljquery-1.9.1.js

[ 2015-02-27T16:27:40+08:00 ] ::1 /Proj_05_grwz/bcms/index.php/Home/Index/bootstrap.css
ERR: 非法操作:bootstrap.css

[ 2015-02-27T16:27:40+08:00 ] ::1 /Proj_05_grwz/bcms/index.php/Home/Index/bootstrap-responsive.css
ERR: 非法操作:bootstrap-responsive.css

[ 2015-02-27T16:27:40+08:00 ] ::1 /Proj_05_grwz/bcms/index.php/Home/Index/style.css
ERR: 非法操作:style.css

[ 2015-02-27T16:27:41+08:00 ] ::1 /Proj_05_grwz/bcms/index.php/Home/Index/bootstrap.js
ERR: 非法操作:bootstrap.js

[ 2015-02-27T16:27:41+08:00 ] ::1 /Proj_05_grwz/bcms/index.php/Home/Index/bootstrap.css
ERR: 非法操作:bootstrap.css

[ 2015-02-27T16:27:41+08:00 ] ::1 /Proj_05_grwz/bcms/index.php/Home/Index/style.css
ERR: 非法操作:style.css

[ 2015-02-27T16:27:41+08:00 ] ::1 /Proj_05_grwz/bcms/index.php/Home/Index/bootstrap-responsive.css
ERR: 非法操作:bootstrap-responsive.css

[ 2015-02-27T16:27:51+08:00 ] ::1 /Proj_05_grwz/bcms/index.php/Home/Index/JS_URLjquery-1.9.1.js
ERR: 非法操作:js_urljquery-1.9.1.js

[ 2015-02-27T16:27:51+08:00 ] ::1 /Proj_05_grwz/bcms/index.php/Home/Index/bootstrap-responsive.css
ERR: 非法操作:bootstrap-responsive.css

[ 2015-02-27T16:27:51+08:00 ] ::1 /Proj_05_grwz/bcms/index.php/Home/Index/bootstrap.css
ERR: 非法操作:bootstrap.css

[ 2015-02-27T16:27:51+08:00 ] ::1 /Proj_05_grwz/bcms/index.php/Home/Index/style.css
ERR: 非法操作:style.css

[ 2015-02-27T16:27:52+08:00 ] ::1 /Proj_05_grwz/bcms/index.php/Home/Index/bootstrap.js
ERR: 非法操作:bootstrap.js

[ 2015-02-27T16:27:52+08:00 ] ::1 /Proj_05_grwz/bcms/index.php/Home/Index/style.css
ERR: 非法操作:style.css

[ 2015-02-27T16:27:52+08:00 ] ::1 /Proj_05_grwz/bcms/index.php/Home/Index/bootstrap.css
ERR: 非法操作:bootstrap.css

[ 2015-02-27T16:27:52+08:00 ] ::1 /Proj_05_grwz/bcms/index.php/Home/Index/bootstrap-responsive.css
ERR: 非法操作:bootstrap-responsive.css

[ 2015-02-27T16:28:17+08:00 ] ::1 /Proj_05_grwz/bcms/index.php/Home/Index/style.css
ERR: 非法操作:style.css

[ 2015-02-27T16:28:17+08:00 ] ::1 /Proj_05_grwz/bcms/index.php/Home/Index/JS_URLjquery-1.9.1.js
ERR: 非法操作:js_urljquery-1.9.1.js

[ 2015-02-27T16:28:18+08:00 ] ::1 /Proj_05_grwz/bcms/index.php/Home/Index/bootstrap.js
ERR: 非法操作:bootstrap.js

[ 2015-02-27T16:28:18+08:00 ] ::1 /Proj_05_grwz/bcms/index.php/Home/Index/bootstrap-responsive.css
ERR: 非法操作:bootstrap-responsive.css

[ 2015-02-27T16:28:18+08:00 ] ::1 /Proj_05_grwz/bcms/index.php/Home/Index/bootstrap.css
ERR: 非法操作:bootstrap.css

[ 2015-02-27T16:28:18+08:00 ] ::1 /Proj_05_grwz/bcms/index.php/Home/Index/bootstrap.js
ERR: 非法操作:bootstrap.js

[ 2015-02-27T16:28:18+08:00 ] ::1 /Proj_05_grwz/bcms/index.php/Home/Index/style.css
ERR: 非法操作:style.css

[ 2015-02-27T16:28:18+08:00 ] ::1 /Proj_05_grwz/bcms/index.php/Home/Index/bootstrap-responsive.css
ERR: 非法操作:bootstrap-responsive.css

[ 2015-02-27T16:28:18+08:00 ] ::1 /Proj_05_grwz/bcms/index.php/Home/Index/bootstrap.css
ERR: 非法操作:bootstrap.css

[ 2015-02-27T16:30:48+08:00 ] ::1 /Proj_05_grwz/bcms/index.php/Home/Index/style.css
ERR: 非法操作:style.css

[ 2015-02-27T16:30:48+08:00 ] ::1 /Proj_05_grwz/bcms/index.php/Home/Index/bootstrap.js
ERR: 非法操作:bootstrap.js

[ 2015-02-27T16:30:48+08:00 ] ::1 /Proj_05_grwz/bcms/index.php/Home/Index/JS_URLjquery-1.9.1.js
ERR: 非法操作:js_urljquery-1.9.1.js

[ 2015-02-27T16:30:48+08:00 ] ::1 /Proj_05_grwz/bcms/index.php/Home/Index/bootstrap-responsive.css
ERR: 非法操作:bootstrap-responsive.css

[ 2015-02-27T16:30:48+08:00 ] ::1 /Proj_05_grwz/bcms/index.php/Home/Index/bootstrap.css
ERR: 非法操作:bootstrap.css

[ 2015-02-27T16:30:48+08:00 ] ::1 /Proj_05_grwz/bcms/index.php/Home/Index/bootstrap.js
ERR: 非法操作:bootstrap.js

[ 2015-02-27T16:30:48+08:00 ] ::1 /Proj_05_grwz/bcms/index.php/Home/Index/style.css
ERR: 非法操作:style.css

[ 2015-02-27T16:30:48+08:00 ] ::1 /Proj_05_grwz/bcms/index.php/Home/Index/bootstrap-responsive.css
ERR: 非法操作:bootstrap-responsive.css

[ 2015-02-27T16:30:48+08:00 ] ::1 /Proj_05_grwz/bcms/index.php/Home/Index/bootstrap.css
ERR: 非法操作:bootstrap.css

[ 2015-02-27T16:30:54+08:00 ] ::1 /Proj_05_grwz/bcms/index.php/Home/Index/bootstrap-responsive.css
ERR: 非法操作:bootstrap-responsive.css

[ 2015-02-27T16:30:54+08:00 ] ::1 /Proj_05_grwz/bcms/index.php/Home/Index/JS_URLjquery-1.9.1.js
ERR: 非法操作:js_urljquery-1.9.1.js

[ 2015-02-27T16:30:54+08:00 ] ::1 /Proj_05_grwz/bcms/index.php/Home/Index/style.css
ERR: 非法操作:style.css

[ 2015-02-27T16:30:55+08:00 ] ::1 /Proj_05_grwz/bcms/index.php/Home/Index/bootstrap.js
ERR: 非法操作:bootstrap.js

[ 2015-02-27T16:30:55+08:00 ] ::1 /Proj_05_grwz/bcms/index.php/Home/Index/bootstrap.css
ERR: 非法操作:bootstrap.css

[ 2015-02-27T16:30:55+08:00 ] ::1 /Proj_05_grwz/bcms/index.php/Home/Index/style.css
ERR: 非法操作:style.css

[ 2015-02-27T16:30:55+08:00 ] ::1 /Proj_05_grwz/bcms/index.php/Home/Index/bootstrap.css
ERR: 非法操作:bootstrap.css

[ 2015-02-27T16:30:55+08:00 ] ::1 /Proj_05_grwz/bcms/index.php/Home/Index/bootstrap-responsive.css
ERR: 非法操作:bootstrap-responsive.css

[ 2015-02-27T16:30:56+08:00 ] ::1 /Proj_05_grwz/bcms/index.php/Home/Index/JS_URLjquery-1.9.1.js
ERR: 非法操作:js_urljquery-1.9.1.js

[ 2015-02-27T16:30:56+08:00 ] ::1 /Proj_05_grwz/bcms/index.php/Home/Index/bootstrap.js
ERR: 非法操作:bootstrap.js

[ 2015-02-27T16:30:56+08:00 ] ::1 /Proj_05_grwz/bcms/index.php/Home/Index/bootstrap-responsive.css
ERR: 非法操作:bootstrap-responsive.css

[ 2015-02-27T16:30:56+08:00 ] ::1 /Proj_05_grwz/bcms/index.php/Home/Index/bootstrap.css
ERR: 非法操作:bootstrap.css

[ 2015-02-27T16:30:56+08:00 ] ::1 /Proj_05_grwz/bcms/index.php/Home/Index/style.css
ERR: 非法操作:style.css

[ 2015-02-27T16:30:56+08:00 ] ::1 /Proj_05_grwz/bcms/index.php/Home/Index/bootstrap.js
ERR: 非法操作:bootstrap.js

[ 2015-02-27T16:30:56+08:00 ] ::1 /Proj_05_grwz/bcms/index.php/Home/Index/style.css
ERR: 非法操作:style.css

[ 2015-02-27T16:30:56+08:00 ] ::1 /Proj_05_grwz/bcms/index.php/Home/Index/bootstrap.css
ERR: 非法操作:bootstrap.css

[ 2015-02-27T16:30:56+08:00 ] ::1 /Proj_05_grwz/bcms/index.php/Home/Index/bootstrap-responsive.css
ERR: 非法操作:bootstrap-responsive.css

[ 2015-02-27T16:31:44+08:00 ] ::1 /Proj_05_grwz/bcms/index.php/Home/Index/style.css
ERR: 非法操作:style.css

[ 2015-02-27T16:31:44+08:00 ] ::1 /Proj_05_grwz/bcms/index.php/Home/Index/bootstrap-responsive.css
ERR: 非法操作:bootstrap-responsive.css

[ 2015-02-27T16:31:45+08:00 ] ::1 /Proj_05_grwz/bcms/index.php/Home/Index/bootstrap.js
ERR: 非法操作:bootstrap.js

[ 2015-02-27T16:31:45+08:00 ] ::1 /Proj_05_grwz/bcms/index.php/Home/Index/JS_URLjquery-1.9.1.js
ERR: 非法操作:js_urljquery-1.9.1.js

[ 2015-02-27T16:31:45+08:00 ] ::1 /Proj_05_grwz/bcms/index.php/Home/Index/bootstrap.css
ERR: 非法操作:bootstrap.css

[ 2015-02-27T16:31:45+08:00 ] ::1 /Proj_05_grwz/bcms/index.php/Home/Index/bootstrap.js
ERR: 非法操作:bootstrap.js

[ 2015-02-27T16:31:45+08:00 ] ::1 /Proj_05_grwz/bcms/index.php/Home/Index/style.css
ERR: 非法操作:style.css

[ 2015-02-27T16:31:45+08:00 ] ::1 /Proj_05_grwz/bcms/index.php/Home/Index/bootstrap.css
ERR: 非法操作:bootstrap.css

[ 2015-02-27T16:31:45+08:00 ] ::1 /Proj_05_grwz/bcms/index.php/Home/Index/bootstrap-responsive.css
ERR: 非法操作:bootstrap-responsive.css

[ 2015-02-27T16:31:48+08:00 ] ::1 /Proj_05_grwz/bcms/index.php/Home/Index/bootstrap.css
ERR: 非法操作:bootstrap.css

[ 2015-02-27T16:31:48+08:00 ] ::1 /Proj_05_grwz/bcms/index.php/Home/Index/bootstrap.js
ERR: 非法操作:bootstrap.js

[ 2015-02-27T16:31:48+08:00 ] ::1 /Proj_05_grwz/bcms/index.php/Home/Index/bootstrap-responsive.css
ERR: 非法操作:bootstrap-responsive.css

[ 2015-02-27T16:31:48+08:00 ] ::1 /Proj_05_grwz/bcms/index.php/Home/Index/JS_URLjquery-1.9.1.js
ERR: 非法操作:js_urljquery-1.9.1.js

[ 2015-02-27T16:31:48+08:00 ] ::1 /Proj_05_grwz/bcms/index.php/Home/Index/style.css
ERR: 非法操作:style.css

[ 2015-02-27T16:31:49+08:00 ] ::1 /Proj_05_grwz/bcms/index.php/Home/Index/bootstrap.js
ERR: 非法操作:bootstrap.js

[ 2015-02-27T16:31:49+08:00 ] ::1 /Proj_05_grwz/bcms/index.php/Home/Index/bootstrap-responsive.css
ERR: 非法操作:bootstrap-responsive.css

[ 2015-02-27T16:31:49+08:00 ] ::1 /Proj_05_grwz/bcms/index.php/Home/Index/style.css
ERR: 非法操作:style.css

[ 2015-02-27T16:31:49+08:00 ] ::1 /Proj_05_grwz/bcms/index.php/Home/Index/bootstrap.css
ERR: 非法操作:bootstrap.css

[ 2015-02-27T16:38:10+08:00 ] ::1 /Proj_05_grwz/bcms/index.php/Home/Index/index
INFO: [ app_init ] --START--
INFO: Run Behavior\BuildLiteBehavior [ RunTime:0.000561s ]
INFO: [ app_init ] --END-- [ RunTime:0.003860s ]
INFO: [ app_begin ] --START--
INFO: Run Behavior\ReadHtmlCacheBehavior [ RunTime:0.002640s ]
INFO: [ app_begin ] --END-- [ RunTime:0.005134s ]
INFO: [ view_parse ] --START--
INFO: [ template_filter ] --START--
INFO: Run Behavior\ContentReplaceBehavior [ RunTime:0.001029s ]
INFO: [ template_filter ] --END-- [ RunTime:0.003339s ]
NOTIC: [8] Undefined variable: smarty D:\WampServer\www\Proj_05_grwz\bcms\Runtime\Cache\Home\023925a6908221eb84c1cc74753a7411.php 第 6 行.
NOTIC: [8] Undefined variable: smarty D:\WampServer\www\Proj_05_grwz\bcms\Runtime\Cache\Home\023925a6908221eb84c1cc74753a7411.php 第 7 行.
NOTIC: [8] Undefined variable: smarty D:\WampServer\www\Proj_05_grwz\bcms\Runtime\Cache\Home\023925a6908221eb84c1cc74753a7411.php 第 8 行.
NOTIC: [8] Undefined variable: smarty D:\WampServer\www\Proj_05_grwz\bcms\Runtime\Cache\Home\023925a6908221eb84c1cc74753a7411.php 第 9 行.
NOTIC: [8] Undefined variable: smarty D:\WampServer\www\Proj_05_grwz\bcms\Runtime\Cache\Home\023925a6908221eb84c1cc74753a7411.php 第 17 行.
NOTIC: [8] Undefined variable: smarty D:\WampServer\www\Proj_05_grwz\bcms\Runtime\Cache\Home\023925a6908221eb84c1cc74753a7411.php 第 17 行.
NOTIC: [8] Undefined variable: smarty D:\WampServer\www\Proj_05_grwz\bcms\Runtime\Cache\Home\023925a6908221eb84c1cc74753a7411.php 第 29 行.
NOTIC: [8] Undefined variable: smarty D:\WampServer\www\Proj_05_grwz\bcms\Runtime\Cache\Home\023925a6908221eb84c1cc74753a7411.php 第 30 行.
NOTIC: [8] Undefined variable: smarty D:\WampServer\www\Proj_05_grwz\bcms\Runtime\Cache\Home\023925a6908221eb84c1cc74753a7411.php 第 35 行.
NOTIC: [8] Undefined variable: smarty D:\WampServer\www\Proj_05_grwz\bcms\Runtime\Cache\Home\023925a6908221eb84c1cc74753a7411.php 第 38 行.
NOTIC: [8] Undefined variable: smarty D:\WampServer\www\Proj_05_grwz\bcms\Runtime\Cache\Home\023925a6908221eb84c1cc74753a7411.php 第 46 行.
NOTIC: [8] Undefined variable: smarty D:\WampServer\www\Proj_05_grwz\bcms\Runtime\Cache\Home\023925a6908221eb84c1cc74753a7411.php 第 47 行.
NOTIC: [8] Undefined variable: smarty D:\WampServer\www\Proj_05_grwz\bcms\Runtime\Cache\Home\023925a6908221eb84c1cc74753a7411.php 第 63 行.
NOTIC: [8] Undefined variable: smarty D:\WampServer\www\Proj_05_grwz\bcms\Runtime\Cache\Home\023925a6908221eb84c1cc74753a7411.php 第 66 行.
NOTIC: [8] Undefined variable: smarty D:\WampServer\www\Proj_05_grwz\bcms\Runtime\Cache\Home\023925a6908221eb84c1cc74753a7411.php 第 69 行.
NOTIC: [8] Undefined variable: smarty D:\WampServer\www\Proj_05_grwz\bcms\Runtime\Cache\Home\023925a6908221eb84c1cc74753a7411.php 第 72 行.
NOTIC: [8] Undefined variable: smarty D:\WampServer\www\Proj_05_grwz\bcms\Runtime\Cache\Home\023925a6908221eb84c1cc74753a7411.php 第 85 行.
NOTIC: [8] Undefined variable: smarty D:\WampServer\www\Proj_05_grwz\bcms\Runtime\Cache\Home\023925a6908221eb84c1cc74753a7411.php 第 94 行.
NOTIC: [8] Undefined variable: smarty D:\WampServer\www\Proj_05_grwz\bcms\Runtime\Cache\Home\023925a6908221eb84c1cc74753a7411.php 第 110 行.
INFO: Run Behavior\ParseTemplateBehavior [ RunTime:0.097624s ]
INFO: [ view_parse ] --END-- [ RunTime:0.100185s ]
INFO: [ view_filter ] --START--
INFO: Run Behavior\WriteHtmlCacheBehavior [ RunTime:0.001933s ]
INFO: [ view_filter ] --END-- [ RunTime:0.004705s ]
INFO: [ app_end ] --START--
INFO: Run Behavior\ShowPageTraceBehavior [ RunTime:0.003275s ]
INFO: [ app_end ] --END-- [ RunTime:0.005696s ]

[ 2015-02-27T16:38:11+08:00 ] ::1 /Proj_05_grwz/bcms/index.php/Home/Index/bootstrap.js
INFO: [ app_init ] --START--
INFO: Run Behavior\BuildLiteBehavior [ RunTime:0.000595s ]
INFO: [ app_init ] --END-- [ RunTime:0.005446s ]
INFO: [ app_begin ] --START--
INFO: Run Behavior\ReadHtmlCacheBehavior [ RunTime:0.003158s ]
INFO: [ app_begin ] --END-- [ RunTime:0.008264s ]
ERR: 非法操作:bootstrap.js

[ 2015-02-27T16:38:11+08:00 ] ::1 /Proj_05_grwz/bcms/index.php/Home/Index/bootstrap.css
INFO: [ app_init ] --START--
INFO: Run Behavior\BuildLiteBehavior [ RunTime:0.000743s ]
INFO: [ app_init ] --END-- [ RunTime:0.005534s ]
INFO: [ app_begin ] --START--
INFO: Run Behavior\ReadHtmlCacheBehavior [ RunTime:0.007241s ]
INFO: [ app_begin ] --END-- [ RunTime:0.020687s ]
ERR: 非法操作:bootstrap.css

[ 2015-02-27T16:38:11+08:00 ] ::1 /Proj_05_grwz/bcms/index.php/Home/Index/style.css
INFO: [ app_init ] --START--
INFO: Run Behavior\BuildLiteBehavior [ RunTime:0.000870s ]
INFO: [ app_init ] --END-- [ RunTime:0.007014s ]
INFO: [ app_begin ] --START--
INFO: Run Behavior\ReadHtmlCacheBehavior [ RunTime:0.003347s ]
INFO: [ app_begin ] --END-- [ RunTime:0.007026s ]
ERR: 非法操作:style.css

[ 2015-02-27T16:38:11+08:00 ] ::1 /Proj_05_grwz/bcms/index.php/Home/Index/bootstrap-responsive.css
INFO: [ app_init ] --START--
INFO: Run Behavior\BuildLiteBehavior [ RunTime:0.000742s ]
INFO: [ app_init ] --END-- [ RunTime:0.006120s ]
INFO: [ app_begin ] --START--
INFO: Run Behavior\ReadHtmlCacheBehavior [ RunTime:0.003312s ]
INFO: [ app_begin ] --END-- [ RunTime:0.006950s ]
ERR: 非法操作:bootstrap-responsive.css

[ 2015-02-27T16:38:47+08:00 ] ::1 /Proj_05_grwz/bcms/index.php/Home/Index/index
INFO: [ app_init ] --START--
INFO: Run Behavior\BuildLiteBehavior [ RunTime:0.000688s ]
INFO: [ app_init ] --END-- [ RunTime:0.004464s ]
INFO: [ app_begin ] --START--
INFO: Run Behavior\ReadHtmlCacheBehavior [ RunTime:0.003569s ]
INFO: [ app_begin ] --END-- [ RunTime:0.006670s ]
INFO: [ view_parse ] --START--
INFO: [ template_filter ] --START--
INFO: Run Behavior\ContentReplaceBehavior [ RunTime:0.001883s ]
INFO: [ template_filter ] --END-- [ RunTime:0.004961s ]
NOTIC: [8] Undefined variable: smarty D:\WampServer\www\Proj_05_grwz\bcms\Runtime\Cache\Home\023925a6908221eb84c1cc74753a7411.php 第 7 行.
NOTIC: [8] Undefined variable: smarty D:\WampServer\www\Proj_05_grwz\bcms\Runtime\Cache\Home\023925a6908221eb84c1cc74753a7411.php 第 8 行.
NOTIC: [8] Undefined variable: smarty D:\WampServer\www\Proj_05_grwz\bcms\Runtime\Cache\Home\023925a6908221eb84c1cc74753a7411.php 第 9 行.
NOTIC: [8] Undefined variable: smarty D:\WampServer\www\Proj_05_grwz\bcms\Runtime\Cache\Home\023925a6908221eb84c1cc74753a7411.php 第 17 行.
NOTIC: [8] Undefined variable: smarty D:\WampServer\www\Proj_05_grwz\bcms\Runtime\Cache\Home\023925a6908221eb84c1cc74753a7411.php 第 17 行.
NOTIC: [8] Undefined variable: smarty D:\WampServer\www\Proj_05_grwz\bcms\Runtime\Cache\Home\023925a6908221eb84c1cc74753a7411.php 第 29 行.
NOTIC: [8] Undefined variable: smarty D:\WampServer\www\Proj_05_grwz\bcms\Runtime\Cache\Home\023925a6908221eb84c1cc74753a7411.php 第 30 行.
NOTIC: [8] Undefined variable: smarty D:\WampServer\www\Proj_05_grwz\bcms\Runtime\Cache\Home\023925a6908221eb84c1cc74753a7411.php 第 35 行.
NOTIC: [8] Undefined variable: smarty D:\WampServer\www\Proj_05_grwz\bcms\Runtime\Cache\Home\023925a6908221eb84c1cc74753a7411.php 第 38 行.
NOTIC: [8] Undefined variable: smarty D:\WampServer\www\Proj_05_grwz\bcms\Runtime\Cache\Home\023925a6908221eb84c1cc74753a7411.php 第 46 行.
NOTIC: [8] Undefined variable: smarty D:\WampServer\www\Proj_05_grwz\bcms\Runtime\Cache\Home\023925a6908221eb84c1cc74753a7411.php 第 47 行.
NOTIC: [8] Undefined variable: smarty D:\WampServer\www\Proj_05_grwz\bcms\Runtime\Cache\Home\023925a6908221eb84c1cc74753a7411.php 第 63 行.
NOTIC: [8] Undefined variable: smarty D:\WampServer\www\Proj_05_grwz\bcms\Runtime\Cache\Home\023925a6908221eb84c1cc74753a7411.php 第 66 行.
NOTIC: [8] Undefined variable: smarty D:\WampServer\www\Proj_05_grwz\bcms\Runtime\Cache\Home\023925a6908221eb84c1cc74753a7411.php 第 69 行.
NOTIC: [8] Undefined variable: smarty D:\WampServer\www\Proj_05_grwz\bcms\Runtime\Cache\Home\023925a6908221eb84c1cc74753a7411.php 第 72 行.
NOTIC: [8] Undefined variable: smarty D:\WampServer\www\Proj_05_grwz\bcms\Runtime\Cache\Home\023925a6908221eb84c1cc74753a7411.php 第 85 行.
NOTIC: [8] Undefined variable: smarty D:\WampServer\www\Proj_05_grwz\bcms\Runtime\Cache\Home\023925a6908221eb84c1cc74753a7411.php 第 94 行.
NOTIC: [8] Undefined variable: smarty D:\WampServer\www\Proj_05_grwz\bcms\Runtime\Cache\Home\023925a6908221eb84c1cc74753a7411.php 第 110 行.
INFO: Run Behavior\ParseTemplateBehavior [ RunTime:0.103484s ]
INFO: [ view_parse ] --END-- [ RunTime:0.106882s ]
INFO: [ view_filter ] --START--
INFO: Run Behavior\WriteHtmlCacheBehavior [ RunTime:0.003461s ]
INFO: [ view_filter ] --END-- [ RunTime:0.006183s ]
INFO: [ app_end ] --START--
INFO: Run Behavior\ShowPageTraceBehavior [ RunTime:0.002918s ]
INFO: [ app_end ] --END-- [ RunTime:0.005423s ]

[ 2015-02-27T16:38:47+08:00 ] ::1 /Proj_05_grwz/bcms/index.php/Home/Index/style.css
INFO: [ app_init ] --START--
INFO: Run Behavior\BuildLiteBehavior [ RunTime:0.000800s ]
INFO: [ app_init ] --END-- [ RunTime:0.005488s ]
INFO: [ app_begin ] --START--
INFO: Run Behavior\ReadHtmlCacheBehavior [ RunTime:0.003326s ]
INFO: [ app_begin ] --END-- [ RunTime:0.007763s ]
ERR: 非法操作:style.css

[ 2015-02-27T16:38:47+08:00 ] ::1 /Proj_05_grwz/bcms/index.php/Home/Index/bootstrap-responsive.css
INFO: [ app_init ] --START--
INFO: Run Behavior\BuildLiteBehavior [ RunTime:0.000919s ]
INFO: [ app_init ] --END-- [ RunTime:0.006242s ]
INFO: [ app_begin ] --START--
INFO: Run Behavior\ReadHtmlCacheBehavior [ RunTime:0.003982s ]
INFO: [ app_begin ] --END-- [ RunTime:0.008181s ]
ERR: 非法操作:bootstrap-responsive.css

[ 2015-02-27T16:38:47+08:00 ] ::1 /Proj_05_grwz/bcms/index.php/Home/Index/bootstrap.css
INFO: [ app_init ] --START--
INFO: Run Behavior\BuildLiteBehavior [ RunTime:0.001025s ]
INFO: [ app_init ] --END-- [ RunTime:0.006834s ]
INFO: [ app_begin ] --START--
INFO: Run Behavior\ReadHtmlCacheBehavior [ RunTime:0.009476s ]
INFO: [ app_begin ] --END-- [ RunTime:0.018691s ]
ERR: 非法操作:bootstrap.css

[ 2015-02-27T16:39:48+08:00 ] ::1 /Proj_05_grwz/bcms/index.php/Home/Index/index
INFO: [ app_init ] --START--
INFO: Run Behavior\BuildLiteBehavior [ RunTime:0.000449s ]
INFO: [ app_init ] --END-- [ RunTime:0.003605s ]
INFO: [ app_begin ] --START--
INFO: Run Behavior\ReadHtmlCacheBehavior [ RunTime:0.002335s ]
INFO: [ app_begin ] --END-- [ RunTime:0.005051s ]
INFO: [ view_parse ] --START--
INFO: [ template_filter ] --START--
INFO: Run Behavior\ContentReplaceBehavior [ RunTime:0.001055s ]
INFO: [ template_filter ] --END-- [ RunTime:0.003455s ]
NOTIC: [8] Undefined variable: smarty D:\WampServer\www\Proj_05_grwz\bcms\Runtime\Cache\Home\023925a6908221eb84c1cc74753a7411.php 第 7 行.
NOTIC: [8] Undefined variable: smarty D:\WampServer\www\Proj_05_grwz\bcms\Runtime\Cache\Home\023925a6908221eb84c1cc74753a7411.php 第 8 行.
NOTIC: [8] Undefined variable: smarty D:\WampServer\www\Proj_05_grwz\bcms\Runtime\Cache\Home\023925a6908221eb84c1cc74753a7411.php 第 9 行.
NOTIC: [8] Undefined variable: smarty D:\WampServer\www\Proj_05_grwz\bcms\Runtime\Cache\Home\023925a6908221eb84c1cc74753a7411.php 第 17 行.
NOTIC: [8] Undefined variable: smarty D:\WampServer\www\Proj_05_grwz\bcms\Runtime\Cache\Home\023925a6908221eb84c1cc74753a7411.php 第 17 行.
NOTIC: [8] Undefined variable: smarty D:\WampServer\www\Proj_05_grwz\bcms\Runtime\Cache\Home\023925a6908221eb84c1cc74753a7411.php 第 29 行.
NOTIC: [8] Undefined variable: smarty D:\WampServer\www\Proj_05_grwz\bcms\Runtime\Cache\Home\023925a6908221eb84c1cc74753a7411.php 第 30 行.
NOTIC: [8] Undefined variable: smarty D:\WampServer\www\Proj_05_grwz\bcms\Runtime\Cache\Home\023925a6908221eb84c1cc74753a7411.php 第 35 行.
NOTIC: [8] Undefined variable: smarty D:\WampServer\www\Proj_05_grwz\bcms\Runtime\Cache\Home\023925a6908221eb84c1cc74753a7411.php 第 38 行.
NOTIC: [8] Undefined variable: smarty D:\WampServer\www\Proj_05_grwz\bcms\Runtime\Cache\Home\023925a6908221eb84c1cc74753a7411.php 第 46 行.
NOTIC: [8] Undefined variable: smarty D:\WampServer\www\Proj_05_grwz\bcms\Runtime\Cache\Home\023925a6908221eb84c1cc74753a7411.php 第 47 行.
NOTIC: [8] Undefined variable: smarty D:\WampServer\www\Proj_05_grwz\bcms\Runtime\Cache\Home\023925a6908221eb84c1cc74753a7411.php 第 63 行.
NOTIC: [8] Undefined variable: smarty D:\WampServer\www\Proj_05_grwz\bcms\Runtime\Cache\Home\023925a6908221eb84c1cc74753a7411.php 第 66 行.
NOTIC: [8] Undefined variable: smarty D:\WampServer\www\Proj_05_grwz\bcms\Runtime\Cache\Home\023925a6908221eb84c1cc74753a7411.php 第 69 行.
NOTIC: [8] Undefined variable: smarty D:\WampServer\www\Proj_05_grwz\bcms\Runtime\Cache\Home\023925a6908221eb84c1cc74753a7411.php 第 72 行.
NOTIC: [8] Undefined variable: smarty D:\WampServer\www\Proj_05_grwz\bcms\Runtime\Cache\Home\023925a6908221eb84c1cc74753a7411.php 第 85 行.
NOTIC: [8] Undefined variable: smarty D:\WampServer\www\Proj_05_grwz\bcms\Runtime\Cache\Home\023925a6908221eb84c1cc74753a7411.php 第 94 行.
NOTIC: [8] Undefined variable: smarty D:\WampServer\www\Proj_05_grwz\bcms\Runtime\Cache\Home\023925a6908221eb84c1cc74753a7411.php 第 110 行.
INFO: Run Behavior\ParseTemplateBehavior [ RunTime:0.094424s ]
INFO: [ view_parse ] --END-- [ RunTime:0.096899s ]
INFO: [ view_filter ] --START--
INFO: Run Behavior\WriteHtmlCacheBehavior [ RunTime:0.002413s ]
INFO: [ view_filter ] --END-- [ RunTime:0.005468s ]
INFO: [ app_end ] --START--
INFO: Run Behavior\ShowPageTraceBehavior [ RunTime:0.005079s ]
INFO: [ app_end ] --END-- [ RunTime:0.007587s ]

[ 2015-02-27T16:39:49+08:00 ] ::1 /Proj_05_grwz/bcms/index.php/Home/Index/bootstrap-responsive.css
INFO: [ app_init ] --START--
INFO: Run Behavior\BuildLiteBehavior [ RunTime:0.000673s ]
INFO: [ app_init ] --END-- [ RunTime:0.004868s ]
INFO: [ app_begin ] --START--
INFO: Run Behavior\ReadHtmlCacheBehavior [ RunTime:0.003708s ]
INFO: [ app_begin ] --END-- [ RunTime:0.008040s ]
ERR: 非法操作:bootstrap-responsive.css

[ 2015-02-27T16:39:49+08:00 ] ::1 /Proj_05_grwz/bcms/index.php/Home/Index/bootstrap.css
INFO: [ app_init ] --START--
INFO: Run Behavior\BuildLiteBehavior [ RunTime:0.000743s ]
INFO: [ app_init ] --END-- [ RunTime:0.005479s ]
INFO: [ app_begin ] --START--
INFO: Run Behavior\ReadHtmlCacheBehavior [ RunTime:0.003242s ]
INFO: [ app_begin ] --END-- [ RunTime:0.007615s ]
ERR: 非法操作:bootstrap.css

[ 2015-02-27T16:39:49+08:00 ] ::1 /Proj_05_grwz/bcms/index.php/Home/Index/style.css
INFO: [ app_init ] --START--
INFO: Run Behavior\BuildLiteBehavior [ RunTime:0.000816s ]
INFO: [ app_init ] --END-- [ RunTime:0.006261s ]
INFO: [ app_begin ] --START--
INFO: Run Behavior\ReadHtmlCacheBehavior [ RunTime:0.004145s ]
INFO: [ app_begin ] --END-- [ RunTime:0.007268s ]
ERR: 非法操作:style.css

[ 2015-02-27T16:40:03+08:00 ] ::1 /Proj_05_grwz/bcms/index.php/Home/Index/index
INFO: [ app_init ] --START--
INFO: Run Behavior\BuildLiteBehavior [ RunTime:0.000442s ]
INFO: [ app_init ] --END-- [ RunTime:0.003828s ]
INFO: [ app_begin ] --START--
INFO: Run Behavior\ReadHtmlCacheBehavior [ RunTime:0.002254s ]
INFO: [ app_begin ] --END-- [ RunTime:0.005131s ]
INFO: [ view_parse ] --START--
INFO: [ template_filter ] --START--
INFO: Run Behavior\ContentReplaceBehavior [ RunTime:0.000990s ]
INFO: [ template_filter ] --END-- [ RunTime:0.003315s ]
NOTIC: [8] Undefined variable: smarty D:\WampServer\www\Proj_05_grwz\bcms\Runtime\Cache\Home\023925a6908221eb84c1cc74753a7411.php 第 8 行.
NOTIC: [8] Undefined variable: smarty D:\WampServer\www\Proj_05_grwz\bcms\Runtime\Cache\Home\023925a6908221eb84c1cc74753a7411.php 第 9 行.
NOTIC: [8] Undefined variable: smarty D:\WampServer\www\Proj_05_grwz\bcms\Runtime\Cache\Home\023925a6908221eb84c1cc74753a7411.php 第 17 行.
NOTIC: [8] Undefined variable: smarty D:\WampServer\www\Proj_05_grwz\bcms\Runtime\Cache\Home\023925a6908221eb84c1cc74753a7411.php 第 17 行.
NOTIC: [8] Undefined variable: smarty D:\WampServer\www\Proj_05_grwz\bcms\Runtime\Cache\Home\023925a6908221eb84c1cc74753a7411.php 第 29 行.
NOTIC: [8] Undefined variable: smarty D:\WampServer\www\Proj_05_grwz\bcms\Runtime\Cache\Home\023925a6908221eb84c1cc74753a7411.php 第 30 行.
NOTIC: [8] Undefined variable: smarty D:\WampServer\www\Proj_05_grwz\bcms\Runtime\Cache\Home\023925a6908221eb84c1cc74753a7411.php 第 35 行.
NOTIC: [8] Undefined variable: smarty D:\WampServer\www\Proj_05_grwz\bcms\Runtime\Cache\Home\023925a6908221eb84c1cc74753a7411.php 第 38 行.
NOTIC: [8] Undefined variable: smarty D:\WampServer\www\Proj_05_grwz\bcms\Runtime\Cache\Home\023925a6908221eb84c1cc74753a7411.php 第 46 行.
NOTIC: [8] Undefined variable: smarty D:\WampServer\www\Proj_05_grwz\bcms\Runtime\Cache\Home\023925a6908221eb84c1cc74753a7411.php 第 47 行.
NOTIC: [8] Undefined variable: smarty D:\WampServer\www\Proj_05_grwz\bcms\Runtime\Cache\Home\023925a6908221eb84c1cc74753a7411.php 第 63 行.
NOTIC: [8] Undefined variable: smarty D:\WampServer\www\Proj_05_grwz\bcms\Runtime\Cache\Home\023925a6908221eb84c1cc74753a7411.php 第 66 行.
NOTIC: [8] Undefined variable: smarty D:\WampServer\www\Proj_05_grwz\bcms\Runtime\Cache\Home\023925a6908221eb84c1cc74753a7411.php 第 69 行.
NOTIC: [8] Undefined variable: smarty D:\WampServer\www\Proj_05_grwz\bcms\Runtime\Cache\Home\023925a6908221eb84c1cc74753a7411.php 第 72 行.
NOTIC: [8] Undefined variable: smarty D:\WampServer\www\Proj_05_grwz\bcms\Runtime\Cache\Home\023925a6908221eb84c1cc74753a7411.php 第 85 行.
NOTIC: [8] Undefined variable: smarty D:\WampServer\www\Proj_05_grwz\bcms\Runtime\Cache\Home\023925a6908221eb84c1cc74753a7411.php 第 94 行.
NOTIC: [8] Undefined variable: smarty D:\WampServer\www\Proj_05_grwz\bcms\Runtime\Cache\Home\023925a6908221eb84c1cc74753a7411.php 第 110 行.
INFO: Run Behavior\ParseTemplateBehavior [ RunTime:0.094380s ]
INFO: [ view_parse ] --END-- [ RunTime:0.096877s ]
INFO: [ view_filter ] --START--
INFO: Run Behavior\WriteHtmlCacheBehavior [ RunTime:0.001684s ]
INFO: [ view_filter ] --END-- [ RunTime:0.004528s ]
INFO: [ app_end ] --START--
INFO: Run Behavior\ShowPageTraceBehavior [ RunTime:0.002404s ]
INFO: [ app_end ] --END-- [ RunTime:0.005396s ]

[ 2015-02-27T16:40:04+08:00 ] ::1 /Proj_05_grwz/bcms/index.php/Home/Index/bootstrap-responsive.css
INFO: [ app_init ] --START--
INFO: Run Behavior\BuildLiteBehavior [ RunTime:0.000839s ]
INFO: [ app_init ] --END-- [ RunTime:0.005409s ]
INFO: [ app_begin ] --START--
INFO: Run Behavior\ReadHtmlCacheBehavior [ RunTime:0.002690s ]
INFO: [ app_begin ] --END-- [ RunTime:0.006070s ]
ERR: 非法操作:bootstrap-responsive.css

[ 2015-02-27T16:40:04+08:00 ] ::1 /Proj_05_grwz/bcms/index.php/Home/Index/style.css
INFO: [ app_init ] --START--
INFO: Run Behavior\BuildLiteBehavior [ RunTime:0.000554s ]
INFO: [ app_init ] --END-- [ RunTime:0.005621s ]
INFO: [ app_begin ] --START--
INFO: Run Behavior\ReadHtmlCacheBehavior [ RunTime:0.003615s ]
INFO: [ app_begin ] --END-- [ RunTime:0.006741s ]
ERR: 非法操作:style.css

[ 2015-02-27T16:40:29+08:00 ] ::1 /Proj_05_grwz/bcms/index.php/Home/Index/index
INFO: [ app_init ] --START--
INFO: Run Behavior\BuildLiteBehavior [ RunTime:0.000442s ]
INFO: [ app_init ] --END-- [ RunTime:0.004194s ]
INFO: [ app_begin ] --START--
INFO: Run Behavior\ReadHtmlCacheBehavior [ RunTime:0.002607s ]
INFO: [ app_begin ] --END-- [ RunTime:0.005403s ]
INFO: [ view_parse ] --START--
INFO: [ template_filter ] --START--
INFO: Run Behavior\ContentReplaceBehavior [ RunTime:0.001046s ]
INFO: [ template_filter ] --END-- [ RunTime:0.003381s ]
NOTIC: [8] Undefined variable: smarty D:\WampServer\www\Proj_05_grwz\bcms\Runtime\Cache\Home\023925a6908221eb84c1cc74753a7411.php 第 9 行.
NOTIC: [8] Undefined variable: smarty D:\WampServer\www\Proj_05_grwz\bcms\Runtime\Cache\Home\023925a6908221eb84c1cc74753a7411.php 第 17 行.
NOTIC: [8] Undefined variable: smarty D:\WampServer\www\Proj_05_grwz\bcms\Runtime\Cache\Home\023925a6908221eb84c1cc74753a7411.php 第 17 行.
NOTIC: [8] Undefined variable: smarty D:\WampServer\www\Proj_05_grwz\bcms\Runtime\Cache\Home\023925a6908221eb84c1cc74753a7411.php 第 29 行.
NOTIC: [8] Undefined variable: smarty D:\WampServer\www\Proj_05_grwz\bcms\Runtime\Cache\Home\023925a6908221eb84c1cc74753a7411.php 第 30 行.
NOTIC: [8] Undefined variable: smarty D:\WampServer\www\Proj_05_grwz\bcms\Runtime\Cache\Home\023925a6908221eb84c1cc74753a7411.php 第 35 行.
NOTIC: [8] Undefined variable: smarty D:\WampServer\www\Proj_05_grwz\bcms\Runtime\Cache\Home\023925a6908221eb84c1cc74753a7411.php 第 38 行.
NOTIC: [8] Undefined variable: smarty D:\WampServer\www\Proj_05_grwz\bcms\Runtime\Cache\Home\023925a6908221eb84c1cc74753a7411.php 第 46 行.
NOTIC: [8] Undefined variable: smarty D:\WampServer\www\Proj_05_grwz\bcms\Runtime\Cache\Home\023925a6908221eb84c1cc74753a7411.php 第 47 行.
NOTIC: [8] Undefined variable: smarty D:\WampServer\www\Proj_05_grwz\bcms\Runtime\Cache\Home\023925a6908221eb84c1cc74753a7411.php 第 63 行.
NOTIC: [8] Undefined variable: smarty D:\WampServer\www\Proj_05_grwz\bcms\Runtime\Cache\Home\023925a6908221eb84c1cc74753a7411.php 第 66 行.
NOTIC: [8] Undefined variable: smarty D:\WampServer\www\Proj_05_grwz\bcms\Runtime\Cache\Home\023925a6908221eb84c1cc74753a7411.php 第 69 行.
NOTIC: [8] Undefined variable: smarty D:\WampServer\www\Proj_05_grwz\bcms\Runtime\Cache\Home\023925a6908221eb84c1cc74753a7411.php 第 72 行.
NOTIC: [8] Undefined variable: smarty D:\WampServer\www\Proj_05_grwz\bcms\Runtime\Cache\Home\023925a6908221eb84c1cc74753a7411.php 第 85 行.
NOTIC: [8] Undefined variable: smarty D:\WampServer\www\Proj_05_grwz\bcms\Runtime\Cache\Home\023925a6908221eb84c1cc74753a7411.php 第 94 行.
NOTIC: [8] Undefined variable: smarty D:\WampServer\www\Proj_05_grwz\bcms\Runtime\Cache\Home\023925a6908221eb84c1cc74753a7411.php 第 110 行.
INFO: Run Behavior\ParseTemplateBehavior [ RunTime:0.090241s ]
INFO: [ view_parse ] --END-- [ RunTime:0.092852s ]
INFO: [ view_filter ] --START--
INFO: Run Behavior\WriteHtmlCacheBehavior [ RunTime:0.003273s ]
INFO: [ view_filter ] --END-- [ RunTime:0.006445s ]
INFO: [ app_end ] --START--
INFO: Run Behavior\ShowPageTraceBehavior [ RunTime:0.007101s ]
INFO: [ app_end ] --END-- [ RunTime:0.010314s ]

[ 2015-02-27T16:40:29+08:00 ] ::1 /Proj_05_grwz/bcms/index.php/Home/Index/style.css
INFO: [ app_init ] --START--
INFO: Run Behavior\BuildLiteBehavior [ RunTime:0.001005s ]
INFO: [ app_init ] --END-- [ RunTime:0.004968s ]
INFO: [ app_begin ] --START--
INFO: Run Behavior\ReadHtmlCacheBehavior [ RunTime:0.002273s ]
INFO: [ app_begin ] --END-- [ RunTime:0.004924s ]
ERR: 非法操作:style.css

[ 2015-02-27T16:40:52+08:00 ] ::1 /Proj_05_grwz/bcms/index.php/Home/Index/index
INFO: [ app_init ] --START--
INFO: Run Behavior\BuildLiteBehavior [ RunTime:0.000669s ]
INFO: [ app_init ] --END-- [ RunTime:0.004569s ]
INFO: [ app_begin ] --START--
INFO: Run Behavior\ReadHtmlCacheBehavior [ RunTime:0.002400s ]
INFO: [ app_begin ] --END-- [ RunTime:0.005056s ]
INFO: [ view_parse ] --START--
INFO: [ template_filter ] --START--
INFO: Run Behavior\ContentReplaceBehavior [ RunTime:0.001217s ]
INFO: [ template_filter ] --END-- [ RunTime:0.003644s ]
NOTIC: [8] Undefined variable: smarty D:\WampServer\www\Proj_05_grwz\bcms\Runtime\Cache\Home\023925a6908221eb84c1cc74753a7411.php 第 17 行.
NOTIC: [8] Undefined variable: smarty D:\WampServer\www\Proj_05_grwz\bcms\Runtime\Cache\Home\023925a6908221eb84c1cc74753a7411.php 第 17 行.
NOTIC: [8] Undefined variable: smarty D:\WampServer\www\Proj_05_grwz\bcms\Runtime\Cache\Home\023925a6908221eb84c1cc74753a7411.php 第 29 行.
NOTIC: [8] Undefined variable: smarty D:\WampServer\www\Proj_05_grwz\bcms\Runtime\Cache\Home\023925a6908221eb84c1cc74753a7411.php 第 30 行.
NOTIC: [8] Undefined variable: smarty D:\WampServer\www\Proj_05_grwz\bcms\Runtime\Cache\Home\023925a6908221eb84c1cc74753a7411.php 第 35 行.
NOTIC: [8] Undefined variable: smarty D:\WampServer\www\Proj_05_grwz\bcms\Runtime\Cache\Home\023925a6908221eb84c1cc74753a7411.php 第 38 行.
NOTIC: [8] Undefined variable: smarty D:\WampServer\www\Proj_05_grwz\bcms\Runtime\Cache\Home\023925a6908221eb84c1cc74753a7411.php 第 46 行.
NOTIC: [8] Undefined variable: smarty D:\WampServer\www\Proj_05_grwz\bcms\Runtime\Cache\Home\023925a6908221eb84c1cc74753a7411.php 第 47 行.
NOTIC: [8] Undefined variable: smarty D:\WampServer\www\Proj_05_grwz\bcms\Runtime\Cache\Home\023925a6908221eb84c1cc74753a7411.php 第 63 行.
NOTIC: [8] Undefined variable: smarty D:\WampServer\www\Proj_05_grwz\bcms\Runtime\Cache\Home\023925a6908221eb84c1cc74753a7411.php 第 66 行.
NOTIC: [8] Undefined variable: smarty D:\WampServer\www\Proj_05_grwz\bcms\Runtime\Cache\Home\023925a6908221eb84c1cc74753a7411.php 第 69 行.
NOTIC: [8] Undefined variable: smarty D:\WampServer\www\Proj_05_grwz\bcms\Runtime\Cache\Home\023925a6908221eb84c1cc74753a7411.php 第 72 行.
NOTIC: [8] Undefined variable: smarty D:\WampServer\www\Proj_05_grwz\bcms\Runtime\Cache\Home\023925a6908221eb84c1cc74753a7411.php 第 85 行.
NOTIC: [8] Undefined variable: smarty D:\WampServer\www\Proj_05_grwz\bcms\Runtime\Cache\Home\023925a6908221eb84c1cc74753a7411.php 第 94 行.
NOTIC: [8] Undefined variable: smarty D:\WampServer\www\Proj_05_grwz\bcms\Runtime\Cache\Home\023925a6908221eb84c1cc74753a7411.php 第 110 行.
INFO: Run Behavior\ParseTemplateBehavior [ RunTime:0.090369s ]
INFO: [ view_parse ] --END-- [ RunTime:0.092838s ]
INFO: [ view_filter ] --START--
INFO: Run Behavior\WriteHtmlCacheBehavior [ RunTime:0.002049s ]
INFO: [ view_filter ] --END-- [ RunTime:0.004690s ]
INFO: [ app_end ] --START--
INFO: Run Behavior\ShowPageTraceBehavior [ RunTime:0.002278s ]
INFO: [ app_end ] --END-- [ RunTime:0.004640s ]

[ 2015-02-27T16:41:02+08:00 ] ::1 /Proj_05_grwz/bcms/index.php/Home/Index/index
INFO: [ app_init ] --START--
INFO: Run Behavior\BuildLiteBehavior [ RunTime:0.000464s ]
INFO: [ app_init ] --END-- [ RunTime:0.004475s ]
INFO: [ app_begin ] --START--
INFO: Run Behavior\ReadHtmlCacheBehavior [ RunTime:0.002074s ]
INFO: [ app_begin ] --END-- [ RunTime:0.004477s ]
INFO: [ view_parse ] --START--
INFO: [ template_filter ] --START--
INFO: Run Behavior\ContentReplaceBehavior [ RunTime:0.001010s ]
INFO: [ template_filter ] --END-- [ RunTime:0.003380s ]
NOTIC: [8] Undefined variable: Thin D:\WampServer\www\Proj_05_grwz\bcms\Runtime\Cache\Home\023925a6908221eb84c1cc74753a7411.php 第 9 行.
NOTIC: [8] Undefined variable: smarty D:\WampServer\www\Proj_05_grwz\bcms\Runtime\Cache\Home\023925a6908221eb84c1cc74753a7411.php 第 17 行.
NOTIC: [8] Undefined variable: smarty D:\WampServer\www\Proj_05_grwz\bcms\Runtime\Cache\Home\023925a6908221eb84c1cc74753a7411.php 第 17 行.
NOTIC: [8] Undefined variable: smarty D:\WampServer\www\Proj_05_grwz\bcms\Runtime\Cache\Home\023925a6908221eb84c1cc74753a7411.php 第 29 行.
NOTIC: [8] Undefined variable: smarty D:\WampServer\www\Proj_05_grwz\bcms\Runtime\Cache\Home\023925a6908221eb84c1cc74753a7411.php 第 30 行.
NOTIC: [8] Undefined variable: smarty D:\WampServer\www\Proj_05_grwz\bcms\Runtime\Cache\Home\023925a6908221eb84c1cc74753a7411.php 第 35 行.
NOTIC: [8] Undefined variable: smarty D:\WampServer\www\Proj_05_grwz\bcms\Runtime\Cache\Home\023925a6908221eb84c1cc74753a7411.php 第 38 行.
NOTIC: [8] Undefined variable: smarty D:\WampServer\www\Proj_05_grwz\bcms\Runtime\Cache\Home\023925a6908221eb84c1cc74753a7411.php 第 46 行.
NOTIC: [8] Undefined variable: smarty D:\WampServer\www\Proj_05_grwz\bcms\Runtime\Cache\Home\023925a6908221eb84c1cc74753a7411.php 第 47 行.
NOTIC: [8] Undefined variable: smarty D:\WampServer\www\Proj_05_grwz\bcms\Runtime\Cache\Home\023925a6908221eb84c1cc74753a7411.php 第 63 行.
NOTIC: [8] Undefined variable: smarty D:\WampServer\www\Proj_05_grwz\bcms\Runtime\Cache\Home\023925a6908221eb84c1cc74753a7411.php 第 66 行.
NOTIC: [8] Undefined variable: smarty D:\WampServer\www\Proj_05_grwz\bcms\Runtime\Cache\Home\023925a6908221eb84c1cc74753a7411.php 第 69 行.
NOTIC: [8] Undefined variable: smarty D:\WampServer\www\Proj_05_grwz\bcms\Runtime\Cache\Home\023925a6908221eb84c1cc74753a7411.php 第 72 行.
NOTIC: [8] Undefined variable: smarty D:\WampServer\www\Proj_05_grwz\bcms\Runtime\Cache\Home\023925a6908221eb84c1cc74753a7411.php 第 85 行.
NOTIC: [8] Undefined variable: smarty D:\WampServer\www\Proj_05_grwz\bcms\Runtime\Cache\Home\023925a6908221eb84c1cc74753a7411.php 第 94 行.
NOTIC: [8] Undefined variable: smarty D:\WampServer\www\Proj_05_grwz\bcms\Runtime\Cache\Home\023925a6908221eb84c1cc74753a7411.php 第 110 行.
INFO: Run Behavior\ParseTemplateBehavior [ RunTime:0.091869s ]
INFO: [ view_parse ] --END-- [ RunTime:0.094365s ]
INFO: [ view_filter ] --START--
INFO: Run Behavior\WriteHtmlCacheBehavior [ RunTime:0.002696s ]
INFO: [ view_filter ] --END-- [ RunTime:0.005233s ]
INFO: [ app_end ] --START--
INFO: Run Behavior\ShowPageTraceBehavior [ RunTime:0.002170s ]
INFO: [ app_end ] --END-- [ RunTime:0.004944s ]

[ 2015-02-27T16:41:02+08:00 ] ::1 /Proj_05_grwz/bcms/index.php/Home/Index/style.css
INFO: [ app_init ] --START--
INFO: Run Behavior\BuildLiteBehavior [ RunTime:0.000664s ]
INFO: [ app_init ] --END-- [ RunTime:0.004347s ]
INFO: [ app_begin ] --START--
INFO: Run Behavior\ReadHtmlCacheBehavior [ RunTime:0.002397s ]
INFO: [ app_begin ] --END-- [ RunTime:0.005693s ]
ERR: 非法操作:style.css

[ 2015-02-27T16:41:12+08:00 ] ::1 /Proj_05_grwz/bcms/index.php/Home/Index/index
INFO: [ app_init ] --START--
INFO: Run Behavior\BuildLiteBehavior [ RunTime:0.000465s ]
INFO: [ app_init ] --END-- [ RunTime:0.003584s ]
INFO: [ app_begin ] --START--
INFO: Run Behavior\ReadHtmlCacheBehavior [ RunTime:0.003077s ]
INFO: [ app_begin ] --END-- [ RunTime:0.005968s ]
INFO: [ view_parse ] --START--
INFO: [ template_filter ] --START--
INFO: Run Behavior\ContentReplaceBehavior [ RunTime:0.001476s ]
INFO: [ template_filter ] --END-- [ RunTime:0.004536s ]
NOTIC: [8] Undefined variable: smarty D:\WampServer\www\Proj_05_grwz\bcms\Runtime\Cache\Home\023925a6908221eb84c1cc74753a7411.php 第 17 行.
NOTIC: [8] Undefined variable: smarty D:\WampServer\www\Proj_05_grwz\bcms\Runtime\Cache\Home\023925a6908221eb84c1cc74753a7411.php 第 17 行.
NOTIC: [8] Undefined variable: smarty D:\WampServer\www\Proj_05_grwz\bcms\Runtime\Cache\Home\023925a6908221eb84c1cc74753a7411.php 第 29 行.
NOTIC: [8] Undefined variable: smarty D:\WampServer\www\Proj_05_grwz\bcms\Runtime\Cache\Home\023925a6908221eb84c1cc74753a7411.php 第 30 行.
NOTIC: [8] Undefined variable: smarty D:\WampServer\www\Proj_05_grwz\bcms\Runtime\Cache\Home\023925a6908221eb84c1cc74753a7411.php 第 35 行.
NOTIC: [8] Undefined variable: smarty D:\WampServer\www\Proj_05_grwz\bcms\Runtime\Cache\Home\023925a6908221eb84c1cc74753a7411.php 第 38 行.
NOTIC: [8] Undefined variable: smarty D:\WampServer\www\Proj_05_grwz\bcms\Runtime\Cache\Home\023925a6908221eb84c1cc74753a7411.php 第 46 行.
NOTIC: [8] Undefined variable: smarty D:\WampServer\www\Proj_05_grwz\bcms\Runtime\Cache\Home\023925a6908221eb84c1cc74753a7411.php 第 47 行.
NOTIC: [8] Undefined variable: smarty D:\WampServer\www\Proj_05_grwz\bcms\Runtime\Cache\Home\023925a6908221eb84c1cc74753a7411.php 第 63 行.
NOTIC: [8] Undefined variable: smarty D:\WampServer\www\Proj_05_grwz\bcms\Runtime\Cache\Home\023925a6908221eb84c1cc74753a7411.php 第 66 行.
NOTIC: [8] Undefined variable: smarty D:\WampServer\www\Proj_05_grwz\bcms\Runtime\Cache\Home\023925a6908221eb84c1cc74753a7411.php 第 69 行.
NOTIC: [8] Undefined variable: smarty D:\WampServer\www\Proj_05_grwz\bcms\Runtime\Cache\Home\023925a6908221eb84c1cc74753a7411.php 第 72 行.
NOTIC: [8] Undefined variable: smarty D:\WampServer\www\Proj_05_grwz\bcms\Runtime\Cache\Home\023925a6908221eb84c1cc74753a7411.php 第 85 行.
NOTIC: [8] Undefined variable: smarty D:\WampServer\www\Proj_05_grwz\bcms\Runtime\Cache\Home\023925a6908221eb84c1cc74753a7411.php 第 94 行.
NOTIC: [8] Undefined variable: smarty D:\WampServer\www\Proj_05_grwz\bcms\Runtime\Cache\Home\023925a6908221eb84c1cc74753a7411.php 第 110 行.
INFO: Run Behavior\ParseTemplateBehavior [ RunTime:0.090776s ]
INFO: [ view_parse ] --END-- [ RunTime:0.093092s ]
INFO: [ view_filter ] --START--
INFO: Run Behavior\WriteHtmlCacheBehavior [ RunTime:0.001795s ]
INFO: [ view_filter ] --END-- [ RunTime:0.004679s ]
INFO: [ app_end ] --START--
INFO: Run Behavior\ShowPageTraceBehavior [ RunTime:0.003014s ]
INFO: [ app_end ] --END-- [ RunTime:0.006242s ]

[ 2015-02-27T16:41:47+08:00 ] ::1 /Proj_05_grwz/bcms/index.php/Home/Index/index
INFO: [ app_init ] --START--
INFO: Run Behavior\BuildLiteBehavior [ RunTime:0.000528s ]
INFO: [ app_init ] --END-- [ RunTime:0.004826s ]
INFO: [ app_begin ] --START--
INFO: Run Behavior\ReadHtmlCacheBehavior [ RunTime:0.003647s ]
INFO: [ app_begin ] --END-- [ RunTime:0.006281s ]
INFO: [ view_parse ] --START--
INFO: [ template_filter ] --START--
INFO: Run Behavior\ContentReplaceBehavior [ RunTime:0.001105s ]
INFO: [ template_filter ] --END-- [ RunTime:0.003849s ]
NOTIC: [8] Undefined variable: smarty D:\WampServer\www\Proj_05_grwz\bcms\Runtime\Cache\Home\023925a6908221eb84c1cc74753a7411.php 第 17 行.
NOTIC: [8] Undefined variable: smarty D:\WampServer\www\Proj_05_grwz\bcms\Runtime\Cache\Home\023925a6908221eb84c1cc74753a7411.php 第 17 行.
NOTIC: [8] Undefined variable: smarty D:\WampServer\www\Proj_05_grwz\bcms\Runtime\Cache\Home\023925a6908221eb84c1cc74753a7411.php 第 29 行.
NOTIC: [8] Undefined variable: smarty D:\WampServer\www\Proj_05_grwz\bcms\Runtime\Cache\Home\023925a6908221eb84c1cc74753a7411.php 第 30 行.
NOTIC: [8] Undefined variable: smarty D:\WampServer\www\Proj_05_grwz\bcms\Runtime\Cache\Home\023925a6908221eb84c1cc74753a7411.php 第 35 行.
NOTIC: [8] Undefined variable: smarty D:\WampServer\www\Proj_05_grwz\bcms\Runtime\Cache\Home\023925a6908221eb84c1cc74753a7411.php 第 38 行.
NOTIC: [8] Undefined variable: smarty D:\WampServer\www\Proj_05_grwz\bcms\Runtime\Cache\Home\023925a6908221eb84c1cc74753a7411.php 第 46 行.
NOTIC: [8] Undefined variable: smarty D:\WampServer\www\Proj_05_grwz\bcms\Runtime\Cache\Home\023925a6908221eb84c1cc74753a7411.php 第 47 行.
NOTIC: [8] Undefined variable: smarty D:\WampServer\www\Proj_05_grwz\bcms\Runtime\Cache\Home\023925a6908221eb84c1cc74753a7411.php 第 63 行.
NOTIC: [8] Undefined variable: smarty D:\WampServer\www\Proj_05_grwz\bcms\Runtime\Cache\Home\023925a6908221eb84c1cc74753a7411.php 第 66 行.
NOTIC: [8] Undefined variable: smarty D:\WampServer\www\Proj_05_grwz\bcms\Runtime\Cache\Home\023925a6908221eb84c1cc74753a7411.php 第 69 行.
NOTIC: [8] Undefined variable: smarty D:\WampServer\www\Proj_05_grwz\bcms\Runtime\Cache\Home\023925a6908221eb84c1cc74753a7411.php 第 72 行.
NOTIC: [8] Undefined variable: smarty D:\WampServer\www\Proj_05_grwz\bcms\Runtime\Cache\Home\023925a6908221eb84c1cc74753a7411.php 第 85 行.
NOTIC: [8] Undefined variable: smarty D:\WampServer\www\Proj_05_grwz\bcms\Runtime\Cache\Home\023925a6908221eb84c1cc74753a7411.php 第 94 行.
NOTIC: [8] Undefined variable: smarty D:\WampServer\www\Proj_05_grwz\bcms\Runtime\Cache\Home\023925a6908221eb84c1cc74753a7411.php 第 110 行.
INFO: Run Behavior\ParseTemplateBehavior [ RunTime:0.095712s ]
INFO: [ view_parse ] --END-- [ RunTime:0.098637s ]
INFO: [ view_filter ] --START--
INFO: Run Behavior\WriteHtmlCacheBehavior [ RunTime:0.002488s ]
INFO: [ view_filter ] --END-- [ RunTime:0.006108s ]
INFO: [ app_end ] --START--
INFO: Run Behavior\ShowPageTraceBehavior [ RunTime:0.002739s ]
INFO: [ app_end ] --END-- [ RunTime:0.005725s ]

[ 2015-02-27T16:45:03+08:00 ] ::1 /Proj_05_grwz/bcms/index.php/Home/Index/index
INFO: [ app_init ] --START--
INFO: Run Behavior\BuildLiteBehavior [ RunTime:0.000522s ]
INFO: [ app_init ] --END-- [ RunTime:0.003964s ]
INFO: [ app_begin ] --START--
INFO: Run Behavior\ReadHtmlCacheBehavior [ RunTime:0.002386s ]
INFO: [ app_begin ] --END-- [ RunTime:0.004964s ]
INFO: [ view_parse ] --START--
INFO: [ template_filter ] --START--
INFO: Run Behavior\ContentReplaceBehavior [ RunTime:0.001033s ]
INFO: [ template_filter ] --END-- [ RunTime:0.003370s ]
NOTIC: [8] Undefined variable: smarty D:\WampServer\www\Proj_05_grwz\bcms\Runtime\Cache\Home\023925a6908221eb84c1cc74753a7411.php 第 17 行.
NOTIC: [8] Undefined variable: smarty D:\WampServer\www\Proj_05_grwz\bcms\Runtime\Cache\Home\023925a6908221eb84c1cc74753a7411.php 第 29 行.
NOTIC: [8] Undefined variable: smarty D:\WampServer\www\Proj_05_grwz\bcms\Runtime\Cache\Home\023925a6908221eb84c1cc74753a7411.php 第 30 行.
NOTIC: [8] Undefined variable: smarty D:\WampServer\www\Proj_05_grwz\bcms\Runtime\Cache\Home\023925a6908221eb84c1cc74753a7411.php 第 35 行.
NOTIC: [8] Undefined variable: smarty D:\WampServer\www\Proj_05_grwz\bcms\Runtime\Cache\Home\023925a6908221eb84c1cc74753a7411.php 第 38 行.
NOTIC: [8] Undefined variable: smarty D:\WampServer\www\Proj_05_grwz\bcms\Runtime\Cache\Home\023925a6908221eb84c1cc74753a7411.php 第 46 行.
NOTIC: [8] Undefined variable: smarty D:\WampServer\www\Proj_05_grwz\bcms\Runtime\Cache\Home\023925a6908221eb84c1cc74753a7411.php 第 47 行.
NOTIC: [8] Undefined variable: smarty D:\WampServer\www\Proj_05_grwz\bcms\Runtime\Cache\Home\023925a6908221eb84c1cc74753a7411.php 第 85 行.
NOTIC: [8] Undefined variable: smarty D:\WampServer\www\Proj_05_grwz\bcms\Runtime\Cache\Home\023925a6908221eb84c1cc74753a7411.php 第 94 行.
NOTIC: [8] Undefined variable: smarty D:\WampServer\www\Proj_05_grwz\bcms\Runtime\Cache\Home\023925a6908221eb84c1cc74753a7411.php 第 110 行.
INFO: Run Behavior\ParseTemplateBehavior [ RunTime:0.081927s ]
INFO: [ view_parse ] --END-- [ RunTime:0.084485s ]
INFO: [ view_filter ] --START--
INFO: Run Behavior\WriteHtmlCacheBehavior [ RunTime:0.001992s ]
INFO: [ view_filter ] --END-- [ RunTime:0.004493s ]
INFO: [ app_end ] --START--
INFO: Run Behavior\ShowPageTraceBehavior [ RunTime:0.002793s ]
INFO: [ app_end ] --END-- [ RunTime:0.005405s ]

[ 2015-02-27T16:45:14+08:00 ] ::1 /Proj_05_grwz/bcms/index.php/Home/Index/index
INFO: [ app_init ] --START--
INFO: Run Behavior\BuildLiteBehavior [ RunTime:0.000538s ]
INFO: [ app_init ] --END-- [ RunTime:0.003899s ]
INFO: [ app_begin ] --START--
INFO: Run Behavior\ReadHtmlCacheBehavior [ RunTime:0.002051s ]
INFO: [ app_begin ] --END-- [ RunTime:0.004604s ]
INFO: [ view_parse ] --START--
INFO: [ template_filter ] --START--
INFO: Run Behavior\ContentReplaceBehavior [ RunTime:0.001109s ]
INFO: [ template_filter ] --END-- [ RunTime:0.003581s ]
NOTIC: [8] Undefined variable: smarty D:\WampServer\www\Proj_05_grwz\bcms\Runtime\Cache\Home\023925a6908221eb84c1cc74753a7411.php 第 17 行.
NOTIC: [8] Undefined variable: smarty D:\WampServer\www\Proj_05_grwz\bcms\Runtime\Cache\Home\023925a6908221eb84c1cc74753a7411.php 第 29 行.
NOTIC: [8] Undefined variable: smarty D:\WampServer\www\Proj_05_grwz\bcms\Runtime\Cache\Home\023925a6908221eb84c1cc74753a7411.php 第 30 行.
NOTIC: [8] Undefined variable: smarty D:\WampServer\www\Proj_05_grwz\bcms\Runtime\Cache\Home\023925a6908221eb84c1cc74753a7411.php 第 35 行.
NOTIC: [8] Undefined variable: smarty D:\WampServer\www\Proj_05_grwz\bcms\Runtime\Cache\Home\023925a6908221eb84c1cc74753a7411.php 第 38 行.
NOTIC: [8] Undefined variable: smarty D:\WampServer\www\Proj_05_grwz\bcms\Runtime\Cache\Home\023925a6908221eb84c1cc74753a7411.php 第 46 行.
NOTIC: [8] Undefined variable: smarty D:\WampServer\www\Proj_05_grwz\bcms\Runtime\Cache\Home\023925a6908221eb84c1cc74753a7411.php 第 47 行.
NOTIC: [8] Undefined variable: smarty D:\WampServer\www\Proj_05_grwz\bcms\Runtime\Cache\Home\023925a6908221eb84c1cc74753a7411.php 第 85 行.
NOTIC: [8] Undefined variable: smarty D:\WampServer\www\Proj_05_grwz\bcms\Runtime\Cache\Home\023925a6908221eb84c1cc74753a7411.php 第 94 行.
NOTIC: [8] Undefined variable: smarty D:\WampServer\www\Proj_05_grwz\bcms\Runtime\Cache\Home\023925a6908221eb84c1cc74753a7411.php 第 110 行.
INFO: Run Behavior\ParseTemplateBehavior [ RunTime:0.087482s ]
INFO: [ view_parse ] --END-- [ RunTime:0.090217s ]
INFO: [ view_filter ] --START--
INFO: Run Behavior\WriteHtmlCacheBehavior [ RunTime:0.001961s ]
INFO: [ view_filter ] --END-- [ RunTime:0.004414s ]
INFO: [ app_end ] --START--
INFO: Run Behavior\ShowPageTraceBehavior [ RunTime:0.002399s ]
INFO: [ app_end ] --END-- [ RunTime:0.004949s ]

[ 2015-02-27T16:45:19+08:00 ] ::1 /Proj_05_grwz/bcms/index.php/Home/Index/index
INFO: [ app_init ] --START--
INFO: Run Behavior\BuildLiteBehavior [ RunTime:0.000441s ]
INFO: [ app_init ] --END-- [ RunTime:0.004148s ]
INFO: [ app_begin ] --START--
INFO: Run Behavior\ReadHtmlCacheBehavior [ RunTime:0.002085s ]
INFO: [ app_begin ] --END-- [ RunTime:0.004592s ]
INFO: [ view_parse ] --START--
INFO: [ template_filter ] --START--
INFO: Run Behavior\ContentReplaceBehavior [ RunTime:0.001309s ]
INFO: [ template_filter ] --END-- [ RunTime:0.003802s ]
NOTIC: [8] Undefined variable: smarty D:\WampServer\www\Proj_05_grwz\bcms\Runtime\Cache\Home\023925a6908221eb84c1cc74753a7411.php 第 17 行.
NOTIC: [8] Undefined variable: smarty D:\WampServer\www\Proj_05_grwz\bcms\Runtime\Cache\Home\023925a6908221eb84c1cc74753a7411.php 第 29 行.
NOTIC: [8] Undefined variable: smarty D:\WampServer\www\Proj_05_grwz\bcms\Runtime\Cache\Home\023925a6908221eb84c1cc74753a7411.php 第 30 行.
NOTIC: [8] Undefined variable: smarty D:\WampServer\www\Proj_05_grwz\bcms\Runtime\Cache\Home\023925a6908221eb84c1cc74753a7411.php 第 35 行.
NOTIC: [8] Undefined variable: smarty D:\WampServer\www\Proj_05_grwz\bcms\Runtime\Cache\Home\023925a6908221eb84c1cc74753a7411.php 第 38 行.
NOTIC: [8] Undefined variable: smarty D:\WampServer\www\Proj_05_grwz\bcms\Runtime\Cache\Home\023925a6908221eb84c1cc74753a7411.php 第 46 行.
NOTIC: [8] Undefined variable: smarty D:\WampServer\www\Proj_05_grwz\bcms\Runtime\Cache\Home\023925a6908221eb84c1cc74753a7411.php 第 47 行.
NOTIC: [8] Undefined variable: smarty D:\WampServer\www\Proj_05_grwz\bcms\Runtime\Cache\Home\023925a6908221eb84c1cc74753a7411.php 第 85 行.
NOTIC: [8] Undefined variable: smarty D:\WampServer\www\Proj_05_grwz\bcms\Runtime\Cache\Home\023925a6908221eb84c1cc74753a7411.php 第 94 行.
NOTIC: [8] Undefined variable: smarty D:\WampServer\www\Proj_05_grwz\bcms\Runtime\Cache\Home\023925a6908221eb84c1cc74753a7411.php 第 110 行.
INFO: Run Behavior\ParseTemplateBehavior [ RunTime:0.086910s ]
INFO: [ view_parse ] --END-- [ RunTime:0.089287s ]
INFO: [ view_filter ] --START--
INFO: Run Behavior\WriteHtmlCacheBehavior [ RunTime:0.001664s ]
INFO: [ view_filter ] --END-- [ RunTime:0.004011s ]
INFO: [ app_end ] --START--
INFO: Run Behavior\ShowPageTraceBehavior [ RunTime:0.002804s ]
INFO: [ app_end ] --END-- [ RunTime:0.009202s ]

[ 2015-02-27T16:45:21+08:00 ] ::1 /Proj_05_grwz/bcms/index.php/Home/Index/index
INFO: [ app_init ] --START--
INFO: Run Behavior\BuildLiteBehavior [ RunTime:0.000424s ]
INFO: [ app_init ] --END-- [ RunTime:0.003433s ]
INFO: [ app_begin ] --START--
INFO: Run Behavior\ReadHtmlCacheBehavior [ RunTime:0.002281s ]
INFO: [ app_begin ] --END-- [ RunTime:0.004908s ]
INFO: [ view_parse ] --START--
INFO: [ template_filter ] --START--
INFO: Run Behavior\ContentReplaceBehavior [ RunTime:0.001002s ]
INFO: [ template_filter ] --END-- [ RunTime:0.003326s ]
NOTIC: [8] Undefined variable: smarty D:\WampServer\www\Proj_05_grwz\bcms\Runtime\Cache\Home\023925a6908221eb84c1cc74753a7411.php 第 17 行.
NOTIC: [8] Undefined variable: smarty D:\WampServer\www\Proj_05_grwz\bcms\Runtime\Cache\Home\023925a6908221eb84c1cc74753a7411.php 第 29 行.
NOTIC: [8] Undefined variable: smarty D:\WampServer\www\Proj_05_grwz\bcms\Runtime\Cache\Home\023925a6908221eb84c1cc74753a7411.php 第 30 行.
NOTIC: [8] Undefined variable: smarty D:\WampServer\www\Proj_05_grwz\bcms\Runtime\Cache\Home\023925a6908221eb84c1cc74753a7411.php 第 35 行.
NOTIC: [8] Undefined variable: smarty D:\WampServer\www\Proj_05_grwz\bcms\Runtime\Cache\Home\023925a6908221eb84c1cc74753a7411.php 第 38 行.
NOTIC: [8] Undefined variable: smarty D:\WampServer\www\Proj_05_grwz\bcms\Runtime\Cache\Home\023925a6908221eb84c1cc74753a7411.php 第 46 行.
NOTIC: [8] Undefined variable: smarty D:\WampServer\www\Proj_05_grwz\bcms\Runtime\Cache\Home\023925a6908221eb84c1cc74753a7411.php 第 47 行.
NOTIC: [8] Undefined variable: smarty D:\WampServer\www\Proj_05_grwz\bcms\Runtime\Cache\Home\023925a6908221eb84c1cc74753a7411.php 第 85 行.
NOTIC: [8] Undefined variable: smarty D:\WampServer\www\Proj_05_grwz\bcms\Runtime\Cache\Home\023925a6908221eb84c1cc74753a7411.php 第 94 行.
NOTIC: [8] Undefined variable: smarty D:\WampServer\www\Proj_05_grwz\bcms\Runtime\Cache\Home\023925a6908221eb84c1cc74753a7411.php 第 110 行.
INFO: Run Behavior\ParseTemplateBehavior [ RunTime:0.085676s ]
INFO: [ view_parse ] --END-- [ RunTime:0.088047s ]
INFO: [ view_filter ] --START--
INFO: Run Behavior\WriteHtmlCacheBehavior [ RunTime:0.002010s ]
INFO: [ view_filter ] --END-- [ RunTime:0.004406s ]
INFO: [ app_end ] --START--
INFO: Run Behavior\ShowPageTraceBehavior [ RunTime:0.002423s ]
INFO: [ app_end ] --END-- [ RunTime:0.005092s ]

[ 2015-02-27T16:53:42+08:00 ] ::1 /Proj_05_grwz/bcms/index.php/Home/User/login
ERR: 模板不存在:../bcms/Home/View/User/login.html

[ 2015-02-27T16:56:44+08:00 ] ::1 /Proj_05_grwz/bcms/index.php/Home/User/bootstrap.css
ERR: 非法操作:bootstrap.css

[ 2015-02-27T16:56:44+08:00 ] ::1 /Proj_05_grwz/bcms/index.php/Home/User/jquery-1.9.1.js
ERR: 非法操作:jquery-1.9.1.js

[ 2015-02-27T16:56:44+08:00 ] ::1 /Proj_05_grwz/bcms/index.php/Home/User/bootstrap.js
ERR: 非法操作:bootstrap.js

[ 2015-02-27T16:56:44+08:00 ] ::1 /Proj_05_grwz/bcms/index.php/Home/User/jquery-1.9.1.js
ERR: 非法操作:jquery-1.9.1.js

[ 2015-02-27T16:56:44+08:00 ] ::1 /Proj_05_grwz/bcms/index.php/Home/User/bootstrap.js
ERR: 非法操作:bootstrap.js

[ 2015-02-27T16:58:56+08:00 ] ::1 /Proj_05_grwz/bcms/index.php/Home/User/jquery-1.9.1.js
ERR: 非法操作:jquery-1.9.1.js

[ 2015-02-27T16:58:56+08:00 ] ::1 /Proj_05_grwz/bcms/index.php/Home/User/bootstrap.js
ERR: 非法操作:bootstrap.js

[ 2015-02-27T16:58:56+08:00 ] ::1 /Proj_05_grwz/bcms/index.php/Home/User/jquery-1.9.1.js
ERR: 非法操作:jquery-1.9.1.js

[ 2015-02-27T16:58:56+08:00 ] ::1 /Proj_05_grwz/bcms/index.php/Home/User/bootstrap.js
ERR: 非法操作:bootstrap.js

[ 2015-02-27T16:59:06+08:00 ] ::1 /Proj_05_grwz/bcms/index.php/Home/User/bootstrap.css
ERR: 非法操作:bootstrap.css

[ 2015-02-27T16:59:06+08:00 ] ::1 /Proj_05_grwz/bcms/index.php/Home/User/jquery-1.9.1.js
ERR: 非法操作:jquery-1.9.1.js

[ 2015-02-27T16:59:06+08:00 ] ::1 /Proj_05_grwz/bcms/index.php/Home/User/bootstrap.js
ERR: 非法操作:bootstrap.js

[ 2015-02-27T16:59:06+08:00 ] ::1 /Proj_05_grwz/bcms/index.php/Home/User/jquery-1.9.1.js
ERR: 非法操作:jquery-1.9.1.js

[ 2015-02-27T16:59:06+08:00 ] ::1 /Proj_05_grwz/bcms/index.php/Home/User/bootstrap.js
ERR: 非法操作:bootstrap.js

[ 2015-02-27T16:59:18+08:00 ] ::1 /Proj_05_grwz/bcms/index.php/Home/User/jquery-1.9.1.js
ERR: 非法操作:jquery-1.9.1.js

[ 2015-02-27T16:59:18+08:00 ] ::1 /Proj_05_grwz/bcms/index.php/Home/User/bootstrap.js
ERR: 非法操作:bootstrap.js

[ 2015-02-27T16:59:18+08:00 ] ::1 /Proj_05_grwz/bcms/index.php/Home/User/jquery-1.9.1.js
ERR: 非法操作:jquery-1.9.1.js

[ 2015-02-27T16:59:18+08:00 ] ::1 /Proj_05_grwz/bcms/index.php/Home/User/bootstrap.js
ERR: 非法操作:bootstrap.js

[ 2015-02-27T16:59:25+08:00 ] ::1 /Proj_05_grwz/bcms/index.php/Home/User/bootstrap.css
ERR: 非法操作:bootstrap.css

[ 2015-02-27T16:59:25+08:00 ] ::1 /Proj_05_grwz/bcms/index.php/Home/User/bootstrap.js
ERR: 非法操作:bootstrap.js

[ 2015-02-27T16:59:25+08:00 ] ::1 /Proj_05_grwz/bcms/index.php/Home/User/jquery-1.9.1.js
ERR: 非法操作:jquery-1.9.1.js

[ 2015-02-27T16:59:25+08:00 ] ::1 /Proj_05_grwz/bcms/index.php/Home/User/jquery-1.9.1.js
ERR: 非法操作:jquery-1.9.1.js

[ 2015-02-27T16:59:26+08:00 ] ::1 /Proj_05_grwz/bcms/index.php/Home/User/bootstrap.js
ERR: 非法操作:bootstrap.js

[ 2015-02-27T16:59:33+08:00 ] ::1 /Proj_05_grwz/bcms/index.php/Home/User/jquery-1.9.1.js
ERR: 非法操作:jquery-1.9.1.js

[ 2015-02-27T16:59:33+08:00 ] ::1 /Proj_05_grwz/bcms/index.php/Home/User/bootstrap.js
ERR: 非法操作:bootstrap.js

[ 2015-02-27T16:59:33+08:00 ] ::1 /Proj_05_grwz/bcms/index.php/Home/User/jquery-1.9.1.js
ERR: 非法操作:jquery-1.9.1.js

[ 2015-02-27T16:59:33+08:00 ] ::1 /Proj_05_grwz/bcms/index.php/Home/User/bootstrap.js
ERR: 非法操作:bootstrap.js

[ 2015-02-27T17:00:59+08:00 ] ::1 /Proj_05_grwz/bcms/index.php/Home/User/jquery-1.9.1.js
ERR: 非法操作:jquery-1.9.1.js

[ 2015-02-27T17:00:59+08:00 ] ::1 /Proj_05_grwz/bcms/index.php/Home/User/bootstrap.js
ERR: 非法操作:bootstrap.js

[ 2015-02-27T17:01:00+08:00 ] ::1 /Proj_05_grwz/bcms/index.php/Home/User/jquery-1.9.1.js
ERR: 非法操作:jquery-1.9.1.js

[ 2015-02-27T17:01:00+08:00 ] ::1 /Proj_05_grwz/bcms/index.php/Home/User/bootstrap.js
ERR: 非法操作:bootstrap.js

[ 2015-02-27T17:01:19+08:00 ] ::1 /Proj_05_grwz/bcms/index.php/Home/User/bootstrap.js
ERR: 非法操作:bootstrap.js

[ 2015-02-27T17:11:50+08:00 ] ::1 /Proj_05_grwz/bcms/index.php/Home/User/%7B/Proj_05_grwz/bcms/index.php/Home%7D/Index/index
ERR: 非法操作:{

[ 2015-02-27T18:59:12+08:00 ] ::1 /Proj_05_grwz/bcms/index.php/Home/User/jquery-1.9.1.js
ERR: 非法操作:jquery-1.9.1.js

[ 2015-02-27T18:59:12+08:00 ] ::1 /Proj_05_grwz/bcms/index.php/Home/User/reg.js
ERR: 非法操作:reg.js

[ 2015-02-27T18:59:12+08:00 ] ::1 /Proj_05_grwz/bcms/index.php/Home/User/bootstrap.js
ERR: 非法操作:bootstrap.js

[ 2015-02-27T18:59:12+08:00 ] ::1 /Proj_05_grwz/bcms/index.php/Home/User/bootstrap.css
ERR: 非法操作:bootstrap.css

[ 2015-02-27T18:59:12+08:00 ] ::1 /Proj_05_grwz/bcms/index.php/Home/User/jquery-1.9.1.js
ERR: 非法操作:jquery-1.9.1.js

[ 2015-02-27T18:59:13+08:00 ] ::1 /Proj_05_grwz/bcms/index.php/Home/User/bootstrap.js
ERR: 非法操作:bootstrap.js

[ 2015-02-27T18:59:46+08:00 ] ::1 /Proj_05_grwz/bcms/index.php/Home/User/bootstrap.js
ERR: 非法操作:bootstrap.js

[ 2015-02-27T18:59:46+08:00 ] ::1 /Proj_05_grwz/bcms/index.php/Home/User/reg.js
ERR: 非法操作:reg.js

[ 2015-02-27T18:59:46+08:00 ] ::1 /Proj_05_grwz/bcms/index.php/Home/User/jquery-1.9.1.js
ERR: 非法操作:jquery-1.9.1.js

[ 2015-02-27T18:59:47+08:00 ] ::1 /Proj_05_grwz/bcms/index.php/Home/User/jquery-1.9.1.js
ERR: 非法操作:jquery-1.9.1.js

[ 2015-02-27T18:59:47+08:00 ] ::1 /Proj_05_grwz/bcms/index.php/Home/User/bootstrap.js
ERR: 非法操作:bootstrap.js

[ 2015-02-27T19:00:02+08:00 ] ::1 /Proj_05_grwz/bcms/index.php/Home/User/bootstrap.js
ERR: 非法操作:bootstrap.js

[ 2015-02-27T19:00:02+08:00 ] ::1 /Proj_05_grwz/bcms/index.php/Home/User/reg.js
ERR: 非法操作:reg.js

[ 2015-02-27T19:00:02+08:00 ] ::1 /Proj_05_grwz/bcms/index.php/Home/User/bootstrap.js
ERR: 非法操作:bootstrap.js

[ 2015-02-27T19:00:09+08:00 ] ::1 /Proj_05_grwz/bcms/index.php/Home/User/reg.js
ERR: 非法操作:reg.js

[ 2015-02-27T19:35:28+08:00 ] ::1 /Proj_05_grwz/bcms/index.php/Home/User/register
ERR: 没有定义数据库配置

[ 2015-02-27T22:47:48+08:00 ] ::1 /Proj_05_grwz/bcms/index.php/Home/Article/style.css
ERR: 非法操作:style.css

[ 2015-02-27T22:47:48+08:00 ] ::1 /Proj_05_grwz/bcms/index.php/Home/Article/jquery-1.9.1.js
ERR: 非法操作:jquery-1.9.1.js

[ 2015-02-27T22:47:48+08:00 ] ::1 /Proj_05_grwz/bcms/index.php/Home/Article/bootstrap.js
ERR: 非法操作:bootstrap.js

[ 2015-02-27T22:47:48+08:00 ] ::1 /Proj_05_grwz/bcms/index.php/Home/Article/style.css
ERR: 非法操作:style.css

[ 2015-02-27T22:47:49+08:00 ] ::1 /Proj_05_grwz/bcms/index.php/Home/Article/bootstrap-responsive.css
ERR: 非法操作:bootstrap-responsive.css

[ 2015-02-27T22:47:49+08:00 ] ::1 /Proj_05_grwz/bcms/index.php/Home/Article/bootstrap.css
ERR: 非法操作:bootstrap.css

[ 2015-02-27T22:47:49+08:00 ] ::1 /Proj_05_grwz/bcms/index.php/Home/Article/main.css
ERR: 非法操作:main.css

[ 2015-02-27T22:47:59+08:00 ] ::1 /Proj_05_grwz/bcms/index.php/Home/Article/jquery-1.9.1.js
ERR: 非法操作:jquery-1.9.1.js

[ 2015-02-27T22:47:59+08:00 ] ::1 /Proj_05_grwz/bcms/index.php/Home/Article/bootstrap.css
ERR: 非法操作:bootstrap.css

[ 2015-02-27T22:47:59+08:00 ] ::1 /Proj_05_grwz/bcms/index.php/Home/Article/bootstrap-responsive.css
ERR: 非法操作:bootstrap-responsive.css

[ 2015-02-27T22:47:59+08:00 ] ::1 /Proj_05_grwz/bcms/index.php/Home/Article/main.css
ERR: 非法操作:main.css

[ 2015-02-27T22:47:59+08:00 ] ::1 /Proj_05_grwz/bcms/index.php/Home/Article/bootstrap.js
ERR: 非法操作:bootstrap.js

[ 2015-02-27T22:47:59+08:00 ] ::1 /Proj_05_grwz/bcms/index.php/Home/Article/style.css
ERR: 非法操作:style.css

[ 2015-02-27T22:48:00+08:00 ] ::1 /Proj_05_grwz/bcms/index.php/Home/Article/bootstrap.css
ERR: 非法操作:bootstrap.css

[ 2015-02-27T22:48:00+08:00 ] ::1 /Proj_05_grwz/bcms/index.php/Home/Article/main.css
ERR: 非法操作:main.css

[ 2015-02-27T22:48:00+08:00 ] ::1 /Proj_05_grwz/bcms/index.php/Home/Article/bootstrap-responsive.css
ERR: 非法操作:bootstrap-responsive.css

[ 2015-02-27T22:48:00+08:00 ] ::1 /Proj_05_grwz/bcms/index.php/Home/Article/style.css
ERR: 非法操作:style.css

[ 2015-02-27T22:48:01+08:00 ] ::1 /Proj_05_grwz/bcms/index.php/Home/Article/jquery-1.9.1.js
ERR: 非法操作:jquery-1.9.1.js

[ 2015-02-27T22:48:01+08:00 ] ::1 /Proj_05_grwz/bcms/index.php/Home/Article/style.css
ERR: 非法操作:style.css

[ 2015-02-27T22:48:01+08:00 ] ::1 /Proj_05_grwz/bcms/index.php/Home/Article/bootstrap.css
ERR: 非法操作:bootstrap.css

[ 2015-02-27T22:48:01+08:00 ] ::1 /Proj_05_grwz/bcms/index.php/Home/Article/bootstrap-responsive.css
ERR: 非法操作:bootstrap-responsive.css

[ 2015-02-27T22:48:01+08:00 ] ::1 /Proj_05_grwz/bcms/index.php/Home/Article/bootstrap.js
ERR: 非法操作:bootstrap.js

[ 2015-02-27T22:48:01+08:00 ] ::1 /Proj_05_grwz/bcms/index.php/Home/Article/main.css
ERR: 非法操作:main.css

[ 2015-02-27T22:48:02+08:00 ] ::1 /Proj_05_grwz/bcms/index.php/Home/Article/style.css
ERR: 非法操作:style.css

[ 2015-02-27T22:48:02+08:00 ] ::1 /Proj_05_grwz/bcms/index.php/Home/Article/bootstrap.css
ERR: 非法操作:bootstrap.css

[ 2015-02-27T22:48:02+08:00 ] ::1 /Proj_05_grwz/bcms/index.php/Home/Article/bootstrap-responsive.css
ERR: 非法操作:bootstrap-responsive.css

[ 2015-02-27T22:48:02+08:00 ] ::1 /Proj_05_grwz/bcms/index.php/Home/Article/main.css
ERR: 非法操作:main.css

[ 2015-02-27T22:48:21+08:00 ] ::1 /Proj_05_grwz/bcms/index.php/Home/Article/bootstrap.js
ERR: 非法操作:bootstrap.js

[ 2015-02-27T22:48:21+08:00 ] ::1 /Proj_05_grwz/bcms/index.php/Home/Article/style.css
ERR: 非法操作:style.css

[ 2015-02-27T22:48:21+08:00 ] ::1 /Proj_05_grwz/bcms/index.php/Home/Article/main.css
ERR: 非法操作:main.css

[ 2015-02-27T22:48:21+08:00 ] ::1 /Proj_05_grwz/bcms/index.php/Home/Article/bootstrap.css
ERR: 非法操作:bootstrap.css

[ 2015-02-27T22:48:21+08:00 ] ::1 /Proj_05_grwz/bcms/index.php/Home/Article/bootstrap-responsive.css
ERR: 非法操作:bootstrap-responsive.css

[ 2015-02-27T23:20:13+08:00 ] ::1 /Proj_05_grwz/bcms/index.php/Home/Article/articleContent/id/65
ERR: 模板不存在:../bcms/Home/View/Article/articleContent.html

[ 2015-02-27T23:37:57+08:00 ] ::1 /Proj_05_grwz/bcms/index.php/Home/Article/bootstrap.js
ERR: 非法操作:bootstrap.js

[ 2015-02-27T23:37:57+08:00 ] ::1 /Proj_05_grwz/bcms/index.php/Home/Article/bootstrap.css
ERR: 非法操作:bootstrap.css

[ 2015-02-27T23:37:57+08:00 ] ::1 /Proj_05_grwz/bcms/index.php/Home/Article/jquery-1.9.1.js
ERR: 非法操作:jquery-1.9.1.js

[ 2015-02-27T23:37:57+08:00 ] ::1 /Proj_05_grwz/bcms/index.php/Home/Article/main.css
ERR: 非法操作:main.css

[ 2015-02-27T23:37:57+08:00 ] ::1 /Proj_05_grwz/bcms/index.php/Home/Article/bootstrap-responsive.css
ERR: 非法操作:bootstrap-responsive.css

[ 2015-02-27T23:37:57+08:00 ] ::1 /Proj_05_grwz/bcms/index.php/Home/Article/style.css
ERR: 非法操作:style.css

[ 2015-02-27T23:37:57+08:00 ] ::1 /Proj_05_grwz/bcms/index.php/Home/Article/bootstrap.js
ERR: 非法操作:bootstrap.js

[ 2015-02-27T23:37:57+08:00 ] ::1 /Proj_05_grwz/bcms/index.php/Home/Article/bootstrap-responsive.css
ERR: 非法操作:bootstrap-responsive.css

[ 2015-02-27T23:37:57+08:00 ] ::1 /Proj_05_grwz/bcms/index.php/Home/Article/bootstrap.css
ERR: 非法操作:bootstrap.css

[ 2015-02-27T23:37:57+08:00 ] ::1 /Proj_05_grwz/bcms/index.php/Home/Article/main.css
ERR: 非法操作:main.css

[ 2015-02-27T23:37:57+08:00 ] ::1 /Proj_05_grwz/bcms/index.php/Home/Article/style.css
ERR: 非法操作:style.css

